<?xml version="1.0" encoding="UTF-8"?>
<testsuite xmlns:xsi="http://www.w3.org/2001/XMLSchema-instance" xsi:noNamespaceSchemaLocation="https://maven.apache.org/surefire/maven-surefire-plugin/xsd/surefire-test-report-3.0.xsd" version="3.0" name="com.care.college.CollegeApplicationTests" time="15.409" tests="1" errors="0" skipped="0" failures="0">
  <properties>
[...]
</properties>
  <testcase name="contextLoads" classname="com.care.college.CollegeApplicationTests" time="2.317">
    <system-out><![CDATA[20:47:22.365 [main] INFO org.springframework.test.context.support.AnnotationConfigContextLoaderUtils -- Could not detect default configuration classes for test class [com.care.college.CollegeApplicationTests]: CollegeApplicationTests does not declare any static, non-private, non-final, nested classes annotated with @Configuration.
20:47:22.803 [main] INFO org.springframework.boot.test.context.SpringBootTestContextBootstrapper -- Found @SpringBootConfiguration com.care.college.CollegeApplication for test class com.care.college.CollegeApplicationTests
20:47:23.388 [main] INFO org.springframework.boot.devtools.restart.RestartApplicationListener -- Restart disabled due to context in which it is running

  .   ____          _            __ _ _
 /\\ / ___'_ __ _ _(_)_ __  __ _ \ \ \ \
( ( )\___ | '_ | '_| | '_ \/ _` | \ \ \ \
 \\/  ___)| |_)| | | | | || (_| |  ) ) ) )
  '  |____| .__|_| |_|_| |_\__, | / / / /
 =========|_|==============|___/=/_/_/_/
 :: Spring Boot ::                (v3.2.1)

2024-01-29T20:47:26.468+09:00  INFO 18572 --- [           main] c.care.college.CollegeApplicationTests   : Starting CollegeApplicationTests using Java 17.0.8.1 with PID 18572 (started by hwsun in C:\javas\boot_workspace\college)
2024-01-29T20:47:26.472+09:00 DEBUG 18572 --- [           main] c.care.college.CollegeApplicationTests   : Running with Spring Boot v3.2.1, Spring v6.1.2
2024-01-29T20:47:26.473+09:00  INFO 18572 --- [           main] c.care.college.CollegeApplicationTests   : No active profile set, falling back to 1 default profile: "default"
2024-01-29T20:47:29.783+09:00  INFO 18572 --- [           main] o.s.cloud.context.scope.GenericScope     : BeanFactory id=6d64ca13-7c69-3783-b944-719d1023a6ce
2024-01-29T20:47:32.436+09:00  INFO 18572 --- [           main] o.s.b.a.w.s.WelcomePageHandlerMapping    : Adding welcome page template: index
2024-01-29T20:47:34.906+09:00  INFO 18572 --- [           main] c.care.college.CollegeApplicationTests   : Started CollegeApplicationTests in 11.552 seconds (process running for 15.877)
]]></system-out>
  </testcase>
</testsuite>